Build started 30/12/2017 19:12:58.
     1>Project "C:\Git\HITC_ex02\Ex02\Ex02.vcxproj" on node 2 (build target(s)).
     1>InitializeBuildStatus:
         Creating "Debug\Ex02.unsuccessfulbuild" because "AlwaysCreate" was specified.
       ClCompile:
         C:\Program Files (x86)\Microsoft Visual Studio 10.0\VC\bin\CL.exe /c /ZI /nologo /W3 /WX- /Od /Oy- /D WIN32 /D _DEBUG /D _CONSOLE /D _UNICODE /D UNICODE /Gm /EHsc /RTC1 /MDd /GS /fp:precise /Zc:wchar_t /Zc:forScope /Fo"Debug\\" /Fd"Debug\vc100.pdb" /Gd /TC /analyze- /errorReport:prompt Program.c
         Program.c
     1>c:\git\hitc_ex02\ex02\program.c(68): warning C4996: 'scanf': This function or variable may be unsafe. Consider using scanf_s instead. To disable deprecation, use _CRT_SECURE_NO_WARNINGS. See online help for details.
                 c:\program files (x86)\microsoft visual studio 10.0\vc\include\stdio.h(304) : see declaration of 'scanf'
     1>c:\git\hitc_ex02\ex02\program.c(76): warning C4996: 'scanf': This function or variable may be unsafe. Consider using scanf_s instead. To disable deprecation, use _CRT_SECURE_NO_WARNINGS. See online help for details.
                 c:\program files (x86)\microsoft visual studio 10.0\vc\include\stdio.h(304) : see declaration of 'scanf'
     1>c:\git\hitc_ex02\ex02\program.c(119): warning C4996: 'scanf': This function or variable may be unsafe. Consider using scanf_s instead. To disable deprecation, use _CRT_SECURE_NO_WARNINGS. See online help for details.
                 c:\program files (x86)\microsoft visual studio 10.0\vc\include\stdio.h(304) : see declaration of 'scanf'
     1>c:\git\hitc_ex02\ex02\program.c(154): warning C4996: 'scanf': This function or variable may be unsafe. Consider using scanf_s instead. To disable deprecation, use _CRT_SECURE_NO_WARNINGS. See online help for details.
                 c:\program files (x86)\microsoft visual studio 10.0\vc\include\stdio.h(304) : see declaration of 'scanf'
     1>c:\git\hitc_ex02\ex02\program.c(155): warning C4996: 'flushall': The POSIX name for this item is deprecated. Instead, use the ISO C++ conformant name: _flushall. See online help for details.
                 c:\program files (x86)\microsoft visual studio 10.0\vc\include\stdio.h(724) : see declaration of 'flushall'
     1>c:\git\hitc_ex02\ex02\program.c(158): warning C4996: 'scanf': This function or variable may be unsafe. Consider using scanf_s instead. To disable deprecation, use _CRT_SECURE_NO_WARNINGS. See online help for details.
                 c:\program files (x86)\microsoft visual studio 10.0\vc\include\stdio.h(304) : see declaration of 'scanf'
     1>c:\git\hitc_ex02\ex02\program.c(159): warning C4996: 'flushall': The POSIX name for this item is deprecated. Instead, use the ISO C++ conformant name: _flushall. See online help for details.
                 c:\program files (x86)\microsoft visual studio 10.0\vc\include\stdio.h(724) : see declaration of 'flushall'
     1>c:\git\hitc_ex02\ex02\program.c(162): warning C4996: 'scanf': This function or variable may be unsafe. Consider using scanf_s instead. To disable deprecation, use _CRT_SECURE_NO_WARNINGS. See online help for details.
                 c:\program files (x86)\microsoft visual studio 10.0\vc\include\stdio.h(304) : see declaration of 'scanf'
     1>c:\git\hitc_ex02\ex02\program.c(163): warning C4996: 'flushall': The POSIX name for this item is deprecated. Instead, use the ISO C++ conformant name: _flushall. See online help for details.
                 c:\program files (x86)\microsoft visual studio 10.0\vc\include\stdio.h(724) : see declaration of 'flushall'
     1>c:\git\hitc_ex02\ex02\program.c(230): warning C4996: 'flushall': The POSIX name for this item is deprecated. Instead, use the ISO C++ conformant name: _flushall. See online help for details.
                 c:\program files (x86)\microsoft visual studio 10.0\vc\include\stdio.h(724) : see declaration of 'flushall'
     1>c:\git\hitc_ex02\ex02\program.c(231): warning C4996: 'gets': This function or variable may be unsafe. Consider using gets_s instead. To disable deprecation, use _CRT_SECURE_NO_WARNINGS. See online help for details.
                 c:\program files (x86)\microsoft visual studio 10.0\vc\include\stdio.h(277) : see declaration of 'gets'
     1>c:\git\hitc_ex02\ex02\program.c(272): warning C4996: 'scanf': This function or variable may be unsafe. Consider using scanf_s instead. To disable deprecation, use _CRT_SECURE_NO_WARNINGS. See online help for details.
                 c:\program files (x86)\microsoft visual studio 10.0\vc\include\stdio.h(304) : see declaration of 'scanf'
     1>c:\git\hitc_ex02\ex02\program.c(280): warning C4996: 'scanf': This function or variable may be unsafe. Consider using scanf_s instead. To disable deprecation, use _CRT_SECURE_NO_WARNINGS. See online help for details.
                 c:\program files (x86)\microsoft visual studio 10.0\vc\include\stdio.h(304) : see declaration of 'scanf'
     1>c:\git\hitc_ex02\ex02\program.c(311): warning C4996: 'scanf': This function or variable may be unsafe. Consider using scanf_s instead. To disable deprecation, use _CRT_SECURE_NO_WARNINGS. See online help for details.
                 c:\program files (x86)\microsoft visual studio 10.0\vc\include\stdio.h(304) : see declaration of 'scanf'
     1>c:\git\hitc_ex02\ex02\program.c(319): warning C4996: 'scanf': This function or variable may be unsafe. Consider using scanf_s instead. To disable deprecation, use _CRT_SECURE_NO_WARNINGS. See online help for details.
                 c:\program files (x86)\microsoft visual studio 10.0\vc\include\stdio.h(304) : see declaration of 'scanf'
       ManifestResourceCompile:
         All outputs are up-to-date.
       Link:
         C:\Program Files (x86)\Microsoft Visual Studio 10.0\VC\bin\link.exe /ERRORREPORT:PROMPT /OUT:"C:\Git\HITC_ex02\Debug\Ex02.exe" /INCREMENTAL /NOLOGO kernel32.lib user32.lib gdi32.lib winspool.lib comdlg32.lib advapi32.lib shell32.lib ole32.lib oleaut32.lib uuid.lib odbc32.lib odbccp32.lib /MANIFEST /ManifestFile:"Debug\Ex02.exe.intermediate.manifest" /MANIFESTUAC:"level='asInvoker' uiAccess='false'" /DEBUG /PDB:"C:\Git\HITC_ex02\Debug\Ex02.pdb" /SUBSYSTEM:CONSOLE /TLBID:1 /DYNAMICBASE /NXCOMPAT /IMPLIB:"C:\Git\HITC_ex02\Debug\Ex02.lib" /MACHINE:X86 Debug\Ex02.exe.embed.manifest.res
         Debug\Program.obj
       Manifest:
         C:\Program Files (x86)\Microsoft SDKs\Windows\v7.0A\bin\mt.exe /nologo /verbose /out:"Debug\Ex02.exe.embed.manifest" /manifest Debug\Ex02.exe.intermediate.manifest
         All outputs are up-to-date.
       LinkEmbedManifest:
         All outputs are up-to-date.
         Ex02.vcxproj -> C:\Git\HITC_ex02\Debug\Ex02.exe
       FinalizeBuildStatus:
         Deleting file "Debug\Ex02.unsuccessfulbuild".
         Touching "Debug\Ex02.lastbuildstate".
     1>Done Building Project "C:\Git\HITC_ex02\Ex02\Ex02.vcxproj" (build target(s)).

Build succeeded.

Time Elapsed 00:00:01.17
