C:\Temp\HITC_ex02\Debug\Ex02.exe
C:\Temp\HITC_ex02\Debug\Ex02.ilk
C:\Temp\HITC_ex02\Debug\Ex02.pdb
C:\Temp\HITC_ex02\Ex02\Debug\cl.command.1.tlog
C:\Temp\HITC_ex02\Ex02\Debug\CL.read.1.tlog
C:\Temp\HITC_ex02\Ex02\Debug\CL.write.1.tlog
C:\TEMP\HITC_EX02\EX02\DEBUG\EX02.EXE.EMBED.MANIFEST
C:\TEMP\HITC_EX02\EX02\DEBUG\EX02.EXE.EMBED.MANIFEST.RES
C:\Temp\HITC_ex02\Ex02\Debug\Ex02.exe.intermediate.manifest
C:\Temp\HITC_ex02\Ex02\Debug\Ex02_manifest.rc
C:\Temp\HITC_ex02\Ex02\Debug\link.6248.read.1.tlog
C:\Temp\HITC_ex02\Ex02\Debug\link.6248.write.1.tlog
C:\Temp\HITC_ex02\Ex02\Debug\link.6248-cvtres.read.1.tlog
C:\Temp\HITC_ex02\Ex02\Debug\link.6248-cvtres.write.1.tlog
C:\Temp\HITC_ex02\Ex02\Debug\link.8484.read.1.tlog
C:\Temp\HITC_ex02\Ex02\Debug\link.8484.write.1.tlog
C:\Temp\HITC_ex02\Ex02\Debug\link.8484-cvtres.read.1.tlog
C:\Temp\HITC_ex02\Ex02\Debug\link.8484-cvtres.write.1.tlog
C:\Temp\HITC_ex02\Ex02\Debug\link.9896.read.1.tlog
C:\Temp\HITC_ex02\Ex02\Debug\link.9896.write.1.tlog
C:\Temp\HITC_ex02\Ex02\Debug\link.9896-cvtres.read.1.tlog
C:\Temp\HITC_ex02\Ex02\Debug\link.9896-cvtres.write.1.tlog
C:\Temp\HITC_ex02\Ex02\Debug\link.command.1.tlog
C:\Temp\HITC_ex02\Ex02\Debug\link.read.1.tlog
C:\Temp\HITC_ex02\Ex02\Debug\link.write.1.tlog
C:\Temp\HITC_ex02\Ex02\Debug\link-cvtres.read.1.tlog
C:\Temp\HITC_ex02\Ex02\Debug\link-cvtres.write.1.tlog
C:\Temp\HITC_ex02\Ex02\Debug\mt.command.1.tlog
C:\Temp\HITC_ex02\Ex02\Debug\mt.read.1.tlog
C:\Temp\HITC_ex02\Ex02\Debug\mt.write.1.tlog
C:\TEMP\HITC_EX02\EX02\DEBUG\PROGRAM.OBJ
C:\Temp\HITC_ex02\Ex02\Debug\rc.command.1.tlog
C:\Temp\HITC_ex02\Ex02\Debug\rc.read.1.tlog
C:\Temp\HITC_ex02\Ex02\Debug\rc.write.1.tlog
C:\Temp\HITC_ex02\Ex02\Debug\vc100.idb
C:\TEMP\HITC_EX02\EX02\DEBUG\VC100.PDB
